<?xml version="1.0" encoding="UTF-8"?>
<!-- Generated by org.testng.reporters.JUnitXMLReporter -->
<testsuite hostname="DESKTOP-280B4F5" ignored="2" name="Test" tests="6" failures="1" timestamp="11 May 2020 11:03:59 GMT" time="22.133" errors="0">
  <testcase name="testA" time="22.033" classname="Reports.DemoA"/>
  <testcase name="testB" time="0.007" classname="Reports.DemoA"/>
  <testcase name="testC" time="0.004" classname="Reports.DemoB"/>
  <testcase name="testD" time="0.005" classname="Reports.DemoB">
    <failure type="java.lang.AssertionError" message="null">
      <![CDATA[java.lang.AssertionError: null
at Reports.DemoB.testD(DemoB.java:19)
... Removed 27 stack frames]]>
    </failure>
  </testcase> <!-- testD -->
  <testcase name="testE" time="0.002" classname="Reports.DemoB"/>
  <testcase name="testF" time="0.003" classname="Reports.DemoB"/>
  <testcase name="@AfterSuite EndReports" time="0.0" classname="Reports.Demo">
    <ignored/>
  </testcase> <!-- @AfterSuite EndReports -->
  <testcase name="@BeforeSuite StartReports" time="0.0" classname="Reports.Demo">
    <ignored/>
  </testcase> <!-- @BeforeSuite StartReports -->
</testsuite> <!-- Test -->
