<?xml version="1.0" encoding="UTF-8"?>
<testng-results skipped="0" failed="0" ignored="0" total="1" passed="1">
  <reporter-output>
  </reporter-output>
  <suite name="Default suite" duration-ms="494659" started-at="2020-05-12T10:31:37Z" finished-at="2020-05-12T10:39:52Z">
    <groups>
    </groups>
    <test name="Default test" duration-ms="494659" started-at="2020-05-12T10:31:37Z" finished-at="2020-05-12T10:39:52Z">
      <class name="Reports.DemoC">
        <test-method status="PASS" signature="testA()[pri:0, instance:Reports.DemoC@20deea7f]" name="testA" duration-ms="373811" started-at="2020-05-12T10:31:37Z" finished-at="2020-05-12T10:37:51Z">
          <reporter-output>
          </reporter-output>
        </test-method> <!-- testA -->
      </class> <!-- Reports.DemoC -->
    </test> <!-- Default test -->
  </suite> <!-- Default suite -->
</testng-results>
